<?xml version="1.0" encoding="UTF-8"?>
<!-- Generated by org.testng.reporters.JUnitReportReporter -->
<testsuite hostname="Lenovo-PC" name="com.application.scripts.TC01" tests="1" failures="0" timestamp="3 Jun 2017 14:44:27 GMT" time="49.874" errors="0">
  <testcase name="testTC01" time="49.874" classname="com.application.scripts.TC01"/>
</testsuite> <!-- com.application.scripts.TC01 -->
