<?xml version="1.0" encoding="UTF-8"?>
<!-- Generated by org.testng.reporters.JUnitReportReporter -->
<testsuite hostname="Lenovo-PC" name="com.application.scripts.TC02" tests="1" failures="0" timestamp="3 Jun 2017 15:19:51 GMT" time="56.675" errors="0">
  <testcase name="testTC02" time="56.675" classname="com.application.scripts.TC02"/>
</testsuite> <!-- com.application.scripts.TC02 -->
