<?xml version="1.0" encoding="UTF-8"?>
<!-- Generated by org.testng.reporters.JUnitReportReporter -->
<testsuite hostname="HW0817" name="com.application.scripts.TC03" tests="1" failures="0" timestamp="15 Jul 2016 06:38:38 GMT" time="13.457" errors="0">
  <testcase name="testTC03" time="13.457" classname="com.application.scripts.TC03"/>
</testsuite> <!-- com.application.scripts.TC03 -->
